<?xml version="1.0" encoding="UTF-8"?>
<testsuite xmlns:xsi="http://www.w3.org/2001/XMLSchema-instance" xsi:schemaLocation="https://maven.apache.org/surefire/maven-surefire-plugin/xsd/surefire-test-report.xsd" name="TestSuite" time="40.007" tests="3" errors="0" skipped="0" failures="0">
  <properties>
[...]
</properties>
  <testcase name="doVerifyLoginPage" classname="com.qa.flipkart.TestCases.LoginPageTest" time="8.304"/>
  <testcase name="VerifyTitle" classname="com.qa.flipkart.TestCases.HomePageTest" time="5.114"/>
  <testcase name="Verify_Ethinic" classname="com.qa.flipkart.TestCases.HomePageTest" time="10.456"/>
</testsuite>